WARNING - 2024-12-23 18:08:00 --> [DEPRECATED] Constant MYSQLI_DATA_TRUNCATED is deprecated in APPPATH\Database\Migrations\2024-12-23-180304_AddLab.php on line 16.
 1 SYSTEMPATH\Database\MigrationRunner.php(867): App\Database\Migrations\AddLab->up()
 2 SYSTEMPATH\Database\MigrationRunner.php(183): CodeIgniter\Database\MigrationRunner->migrate('up', Object(stdClass))
 3 SYSTEMPATH\Commands\Database\Migrate.php(85): CodeIgniter\Database\MigrationRunner->latest(null)
 4 SYSTEMPATH\CLI\Commands.php(70): CodeIgniter\Commands\Database\Migrate->run([])
 5 SYSTEMPATH\CLI\Console.php(48): CodeIgniter\CLI\Commands->run('migrate', [])
 6 SYSTEMPATH\Boot.php(351): CodeIgniter\CLI\Console->run()
 7 SYSTEMPATH\Boot.php(104): CodeIgniter\Boot::runCommand(Object(CodeIgniter\CLI\Console))
 8 ROOTPATH\spark(84): CodeIgniter\Boot::bootSpark(Object(Config\Paths))
WARNING - 2024-12-23 18:12:12 --> [DEPRECATED] Constant MYSQLI_DATA_TRUNCATED is deprecated in APPPATH\Database\Migrations\2024-12-23-180304_AddLab.php on line 16.
 1 SYSTEMPATH\Database\MigrationRunner.php(867): App\Database\Migrations\AddLab->up()
 2 SYSTEMPATH\Database\MigrationRunner.php(183): CodeIgniter\Database\MigrationRunner->migrate('up', Object(stdClass))
 3 SYSTEMPATH\Commands\Database\Migrate.php(85): CodeIgniter\Database\MigrationRunner->latest(null)
 4 SYSTEMPATH\CLI\Commands.php(70): CodeIgniter\Commands\Database\Migrate->run([])
 5 SYSTEMPATH\CLI\Console.php(48): CodeIgniter\CLI\Commands->run('migrate', [])
 6 SYSTEMPATH\Boot.php(351): CodeIgniter\CLI\Console->run()
 7 SYSTEMPATH\Boot.php(104): CodeIgniter\Boot::runCommand(Object(CodeIgniter\CLI\Console))
 8 ROOTPATH\spark(84): CodeIgniter\Boot::bootSpark(Object(Config\Paths))
ERROR - 2024-12-23 18:12:12 --> mysqli_sql_exception: Invalid default value for 'created_at' in C:\wamp64\www\eclerk\system\Database\MySQLi\Connection.php:312
Stack trace:
#0 C:\wamp64\www\eclerk\system\Database\MySQLi\Connection.php(312): mysqli->query('CREATE TABLE `l...', 0)
#1 C:\wamp64\www\eclerk\system\Database\BaseConnection.php(734): CodeIgniter\Database\MySQLi\Connection->execute('CREATE TABLE `l...')
#2 C:\wamp64\www\eclerk\system\Database\BaseConnection.php(648): CodeIgniter\Database\BaseConnection->simpleQuery('CREATE TABLE `l...')
#3 C:\wamp64\www\eclerk\system\Database\Forge.php(570): CodeIgniter\Database\BaseConnection->query('CREATE TABLE `l...')
#4 C:\wamp64\www\eclerk\app\Database\Migrations\2024-12-23-180304_AddLab.php(47): CodeIgniter\Database\Forge->createTable('labs')
#5 C:\wamp64\www\eclerk\system\Database\MigrationRunner.php(867): App\Database\Migrations\AddLab->up()
#6 C:\wamp64\www\eclerk\system\Database\MigrationRunner.php(183): CodeIgniter\Database\MigrationRunner->migrate('up', Object(stdClass))
#7 C:\wamp64\www\eclerk\system\Commands\Database\Migrate.php(85): CodeIgniter\Database\MigrationRunner->latest(NULL)
#8 C:\wamp64\www\eclerk\system\CLI\Commands.php(70): CodeIgniter\Commands\Database\Migrate->run(Array)
#9 C:\wamp64\www\eclerk\system\CLI\Console.php(48): CodeIgniter\CLI\Commands->run('migrate', Array)
#10 C:\wamp64\www\eclerk\system\Boot.php(351): CodeIgniter\CLI\Console->run()
#11 C:\wamp64\www\eclerk\system\Boot.php(104): CodeIgniter\Boot::runCommand(Object(CodeIgniter\CLI\Console))
#12 C:\wamp64\www\eclerk\spark(84): CodeIgniter\Boot::bootSpark(Object(Config\Paths))
#13 {main}
WARNING - 2024-12-23 18:13:03 --> [DEPRECATED] Constant MYSQLI_DATA_TRUNCATED is deprecated in APPPATH\Database\Migrations\2024-12-23-180304_AddLab.php on line 16.
 1 SYSTEMPATH\Database\MigrationRunner.php(867): App\Database\Migrations\AddLab->up()
 2 SYSTEMPATH\Database\MigrationRunner.php(183): CodeIgniter\Database\MigrationRunner->migrate('up', Object(stdClass))
 3 SYSTEMPATH\Commands\Database\Migrate.php(85): CodeIgniter\Database\MigrationRunner->latest(null)
 4 SYSTEMPATH\CLI\Commands.php(70): CodeIgniter\Commands\Database\Migrate->run([])
 5 SYSTEMPATH\CLI\Console.php(48): CodeIgniter\CLI\Commands->run('migrate', [])
 6 SYSTEMPATH\Boot.php(351): CodeIgniter\CLI\Console->run()
 7 SYSTEMPATH\Boot.php(104): CodeIgniter\Boot::runCommand(Object(CodeIgniter\CLI\Console))
 8 ROOTPATH\spark(84): CodeIgniter\Boot::bootSpark(Object(Config\Paths))
WARNING - 2024-12-23 18:15:32 --> [DEPRECATED] Constant MYSQLI_DATA_TRUNCATED is deprecated in APPPATH\Database\Migrations\2024-12-23-180304_AddLab.php on line 16.
 1 SYSTEMPATH\Database\MigrationRunner.php(867): App\Database\Migrations\AddLab->up()
 2 SYSTEMPATH\Database\MigrationRunner.php(183): CodeIgniter\Database\MigrationRunner->migrate('up', Object(stdClass))
 3 SYSTEMPATH\Commands\Database\Migrate.php(85): CodeIgniter\Database\MigrationRunner->latest(null)
 4 SYSTEMPATH\CLI\Commands.php(70): CodeIgniter\Commands\Database\Migrate->run([])
 5 SYSTEMPATH\CLI\Console.php(48): CodeIgniter\CLI\Commands->run('migrate', [])
 6 SYSTEMPATH\Boot.php(351): CodeIgniter\CLI\Console->run()
 7 SYSTEMPATH\Boot.php(104): CodeIgniter\Boot::runCommand(Object(CodeIgniter\CLI\Console))
 8 ROOTPATH\spark(84): CodeIgniter\Boot::bootSpark(Object(Config\Paths))
ERROR - 2024-12-23 18:15:32 --> mysqli_sql_exception: Invalid default value for 'created_at' in C:\wamp64\www\eclerk\system\Database\MySQLi\Connection.php:312
Stack trace:
#0 C:\wamp64\www\eclerk\system\Database\MySQLi\Connection.php(312): mysqli->query('CREATE TABLE `l...', 0)
#1 C:\wamp64\www\eclerk\system\Database\BaseConnection.php(734): CodeIgniter\Database\MySQLi\Connection->execute('CREATE TABLE `l...')
#2 C:\wamp64\www\eclerk\system\Database\BaseConnection.php(648): CodeIgniter\Database\BaseConnection->simpleQuery('CREATE TABLE `l...')
#3 C:\wamp64\www\eclerk\system\Database\Forge.php(570): CodeIgniter\Database\BaseConnection->query('CREATE TABLE `l...')
#4 C:\wamp64\www\eclerk\app\Database\Migrations\2024-12-23-180304_AddLab.php(47): CodeIgniter\Database\Forge->createTable('labs')
#5 C:\wamp64\www\eclerk\system\Database\MigrationRunner.php(867): App\Database\Migrations\AddLab->up()
#6 C:\wamp64\www\eclerk\system\Database\MigrationRunner.php(183): CodeIgniter\Database\MigrationRunner->migrate('up', Object(stdClass))
#7 C:\wamp64\www\eclerk\system\Commands\Database\Migrate.php(85): CodeIgniter\Database\MigrationRunner->latest(NULL)
#8 C:\wamp64\www\eclerk\system\CLI\Commands.php(70): CodeIgniter\Commands\Database\Migrate->run(Array)
#9 C:\wamp64\www\eclerk\system\CLI\Console.php(48): CodeIgniter\CLI\Commands->run('migrate', Array)
#10 C:\wamp64\www\eclerk\system\Boot.php(351): CodeIgniter\CLI\Console->run()
#11 C:\wamp64\www\eclerk\system\Boot.php(104): CodeIgniter\Boot::runCommand(Object(CodeIgniter\CLI\Console))
#12 C:\wamp64\www\eclerk\spark(84): CodeIgniter\Boot::bootSpark(Object(Config\Paths))
#13 {main}
WARNING - 2024-12-23 18:17:55 --> [DEPRECATED] Constant MYSQLI_DATA_TRUNCATED is deprecated in APPPATH\Database\Migrations\2024-12-23-180304_AddLab.php on line 16.
 1 SYSTEMPATH\Database\MigrationRunner.php(867): App\Database\Migrations\AddLab->up()
 2 SYSTEMPATH\Database\MigrationRunner.php(183): CodeIgniter\Database\MigrationRunner->migrate('up', Object(stdClass))
 3 SYSTEMPATH\Commands\Database\Migrate.php(85): CodeIgniter\Database\MigrationRunner->latest(null)
 4 SYSTEMPATH\CLI\Commands.php(70): CodeIgniter\Commands\Database\Migrate->run([])
 5 SYSTEMPATH\CLI\Console.php(48): CodeIgniter\CLI\Commands->run('migrate', [])
 6 SYSTEMPATH\Boot.php(351): CodeIgniter\CLI\Console->run()
 7 SYSTEMPATH\Boot.php(104): CodeIgniter\Boot::runCommand(Object(CodeIgniter\CLI\Console))
 8 ROOTPATH\spark(84): CodeIgniter\Boot::bootSpark(Object(Config\Paths))
ERROR - 2024-12-23 18:17:55 --> mysqli_sql_exception: Invalid default value for 'created_at' in C:\wamp64\www\eclerk\system\Database\MySQLi\Connection.php:312
Stack trace:
#0 C:\wamp64\www\eclerk\system\Database\MySQLi\Connection.php(312): mysqli->query('CREATE TABLE `l...', 0)
#1 C:\wamp64\www\eclerk\system\Database\BaseConnection.php(734): CodeIgniter\Database\MySQLi\Connection->execute('CREATE TABLE `l...')
#2 C:\wamp64\www\eclerk\system\Database\BaseConnection.php(648): CodeIgniter\Database\BaseConnection->simpleQuery('CREATE TABLE `l...')
#3 C:\wamp64\www\eclerk\system\Database\Forge.php(570): CodeIgniter\Database\BaseConnection->query('CREATE TABLE `l...')
#4 C:\wamp64\www\eclerk\app\Database\Migrations\2024-12-23-180304_AddLab.php(46): CodeIgniter\Database\Forge->createTable('labs')
#5 C:\wamp64\www\eclerk\system\Database\MigrationRunner.php(867): App\Database\Migrations\AddLab->up()
#6 C:\wamp64\www\eclerk\system\Database\MigrationRunner.php(183): CodeIgniter\Database\MigrationRunner->migrate('up', Object(stdClass))
#7 C:\wamp64\www\eclerk\system\Commands\Database\Migrate.php(85): CodeIgniter\Database\MigrationRunner->latest(NULL)
#8 C:\wamp64\www\eclerk\system\CLI\Commands.php(70): CodeIgniter\Commands\Database\Migrate->run(Array)
#9 C:\wamp64\www\eclerk\system\CLI\Console.php(48): CodeIgniter\CLI\Commands->run('migrate', Array)
#10 C:\wamp64\www\eclerk\system\Boot.php(351): CodeIgniter\CLI\Console->run()
#11 C:\wamp64\www\eclerk\system\Boot.php(104): CodeIgniter\Boot::runCommand(Object(CodeIgniter\CLI\Console))
#12 C:\wamp64\www\eclerk\spark(84): CodeIgniter\Boot::bootSpark(Object(Config\Paths))
#13 {main}
WARNING - 2024-12-23 18:18:36 --> [DEPRECATED] Constant MYSQLI_DATA_TRUNCATED is deprecated in APPPATH\Database\Migrations\2024-12-23-180304_AddLab.php on line 16.
 1 SYSTEMPATH\Database\MigrationRunner.php(867): App\Database\Migrations\AddLab->up()
 2 SYSTEMPATH\Database\MigrationRunner.php(183): CodeIgniter\Database\MigrationRunner->migrate('up', Object(stdClass))
 3 SYSTEMPATH\Commands\Database\Migrate.php(85): CodeIgniter\Database\MigrationRunner->latest(null)
 4 SYSTEMPATH\CLI\Commands.php(70): CodeIgniter\Commands\Database\Migrate->run([])
 5 SYSTEMPATH\CLI\Console.php(48): CodeIgniter\CLI\Commands->run('migrate', [])
 6 SYSTEMPATH\Boot.php(351): CodeIgniter\CLI\Console->run()
 7 SYSTEMPATH\Boot.php(104): CodeIgniter\Boot::runCommand(Object(CodeIgniter\CLI\Console))
 8 ROOTPATH\spark(84): CodeIgniter\Boot::bootSpark(Object(Config\Paths))
